<?xml version="1.0" encoding="UTF-8"?>
<!-- Generated by org.testng.reporters.JUnitXMLReporter -->
<testsuite ignored="0" hostname="Rehansgamingdevice" failures="1" tests="1" name="Default test" time="8.898" errors="0" timestamp="2025-02-17T13:55:43 IST">
  <testcase classname="io.cucumber.testng.AbstractTestNGCucumberTests" name="runScenario" time="8.438">
    <failure type="java.io.IOException" message="Failed to open htmlreport.html. Error message: The system cannot find the file specified.
">
      <![CDATA[java.io.IOException: Failed to open htmlreport.html. Error message: The system cannot find the file specified.

at java.desktop/sun.awt.windows.WDesktopPeer.ShellExecute(Unknown Source)
at java.desktop/sun.awt.windows.WDesktopPeer.browse(Unknown Source)
at java.desktop/java.awt.Desktop.browse(Unknown Source)
at StepDefinition.loginStepDef.close_browser(loginStepDef.java:65)
at ✽.close browser(file:///C:/Users/shaik/eclipse-workspace/cucumberFramwork/Features/LoginFeature.feature:11)
]]>
    </failure>
  </testcase> <!-- runScenario -->
</testsuite> <!-- Default test -->
