<?xml version="1.0" encoding="UTF-8"?>
<testsuite xmlns:xsi="http://www.w3.org/2001/XMLSchema-instance" xsi:noNamespaceSchemaLocation="https://maven.apache.org/surefire/maven-surefire-plugin/xsd/surefire-test-report.xsd" version="3.0.2" name="TestSuite" time="27.188" tests="3" errors="0" skipped="0" failures="1">
  <properties>
[...]
</properties>
  <testcase name="runScenario[&quot;Successful Login with valid credentials&quot;, &quot;Login&quot;](1)" classname="TestRunner.Run" time="9.45">
    <system-out><![CDATA[
Scenario: Successful Login with valid credentials                                          # Features/LoginFeature.feature:3
  Given User Launch Chrome browser                                                         # StepDefinition.loginStepDef.user_launch_chrome_browser()
  When user opens url "https://opensource-demo.orangehrmlive.com/web/index.php/auth/login" # StepDefinition.loginStepDef.user_opens_url(java.lang.String)
  And user enters username as "Admin" and password as "admin123"                           # StepDefinition.loginStepDef.user_enters_username_as_and_password_as(java.lang.String,java.lang.String)
  And click on Login                                                                       # StepDefinition.loginStepDef.click_on_login()
  Then page title should be "OrangeHRm"                                                    # StepDefinition.loginStepDef.page_title_should_be(java.lang.String)
  When user click on profile                                                               # StepDefinition.loginStepDef.user_click_on_profile()
  And Click on Logout                                                                      # StepDefinition.loginStepDef.click_on_logout()
  Then close browser                                                                       # StepDefinition.loginStepDef.close_browser()
]]></system-out>
    <system-err><![CDATA[Feb 21, 2025 5:37:50 PM org.openqa.selenium.devtools.CdpVersionFinder findNearestMatch
WARNING: Unable to find an exact match for CDP version 133, returning the closest version; found: 132; Please update to a Selenium version that supports CDP version 133
]]></system-err>
  </testcase>
  <testcase name="runScenario[&quot;Login with In-valid credentials&quot;, &quot;Login&quot;](2)" classname="TestRunner.Run" time="5.513">
    <system-out><![CDATA[
Scenario: Login with In-valid credentials                                                  # Features/LoginFeature.feature:13
  Given User Launch Chrome browser                                                         # StepDefinition.loginStepDef.user_launch_chrome_browser()
  When user opens url "https://opensource-demo.orangehrmlive.com/web/index.php/auth/login" # StepDefinition.loginStepDef.user_opens_url(java.lang.String)
  And user enters username as "Admin123" and password as "admin123"                        # StepDefinition.loginStepDef.user_enters_username_as_and_password_as(java.lang.String,java.lang.String)
  And click on Login                                                                       # StepDefinition.loginStepDef.click_on_login()
  Then "Invalid credentials" Error message should popup                                    # StepDefinition.loginStepDef.error_message_should_popup(java.lang.String)
  And close browser                                                                        # StepDefinition.loginStepDef.close_browser()
]]></system-out>
    <system-err><![CDATA[Feb 21, 2025 5:37:58 PM org.openqa.selenium.devtools.CdpVersionFinder findNearestMatch
WARNING: Unable to find an exact match for CDP version 133, returning the closest version; found: 132; Please update to a Selenium version that supports CDP version 133
]]></system-err>
  </testcase>
  <testcase name="runScenario[&quot;add New Admin&quot;, &quot;add Admin&quot;](3)" classname="TestRunner.Run" time="10.401">
    <failure message="invalid selector: Unable to locate an element with the xpath expression //p[contains(text(),&apos;Success&apos;] because of the following error:&#10;SyntaxError: Failed to execute &apos;evaluate&apos; on &apos;Document&apos;: The string &apos;//p[contains(text(),&apos;Success&apos;]&apos; is not a valid XPath expression.&#10;  (Session info: chrome=133.0.6943.127)&#10;For documentation on this error, please visit: https://www.selenium.dev/documentation/webdriver/troubleshooting/errors#invalid-selector-exception&#10;Build info: version: &apos;4.24.0&apos;, revision: &apos;748ffc9bc3&apos;&#10;System info: os.name: &apos;Windows 11&apos;, os.arch: &apos;amd64&apos;, os.version: &apos;10.0&apos;, java.version: &apos;21.0.5&apos;&#10;Driver info: org.openqa.selenium.chrome.ChromeDriver&#10;Command: [602834ef8f529b128c37ead3712287d6, findElement {using=xpath, value=//p[contains(text(),&apos;Success&apos;]}]&#10;Capabilities {acceptInsecureCerts: false, browserName: chrome, browserVersion: 133.0.6943.127, chrome: {chromedriverVersion: 133.0.6943.126 (cffa127ce7b..., userDataDir: C:\Users\shaik\AppData\Loca...}, fedcm:accounts: true, goog:chromeOptions: {debuggerAddress: localhost:62446}, networkConnectionEnabled: false, pageLoadStrategy: normal, platformName: windows, proxy: Proxy(), se:cdp: ws://localhost:62446/devtoo..., se:cdpVersion: 133.0.6943.127, setWindowRect: true, strictFileInteractability: false, timeouts: {implicit: 0, pageLoad: 300000, script: 30000}, unhandledPromptBehavior: dismiss and notify, webauthn:extension:credBlob: true, webauthn:extension:largeBlob: true, webauthn:extension:minPinLength: true, webauthn:extension:prf: true, webauthn:virtualAuthenticators: true}&#10;Session ID: 602834ef8f529b128c37ead3712287d6" type="org.openqa.selenium.InvalidSelectorException"><![CDATA[org.openqa.selenium.InvalidSelectorException: 
invalid selector: Unable to locate an element with the xpath expression //p[contains(text(),'Success'] because of the following error:
SyntaxError: Failed to execute 'evaluate' on 'Document': The string '//p[contains(text(),'Success']' is not a valid XPath expression.
  (Session info: chrome=133.0.6943.127)
For documentation on this error, please visit: https://www.selenium.dev/documentation/webdriver/troubleshooting/errors#invalid-selector-exception
Build info: version: '4.24.0', revision: '748ffc9bc3'
System info: os.name: 'Windows 11', os.arch: 'amd64', os.version: '10.0', java.version: '21.0.5'
Driver info: org.openqa.selenium.chrome.ChromeDriver
Command: [602834ef8f529b128c37ead3712287d6, findElement {using=xpath, value=//p[contains(text(),'Success']}]
Capabilities {acceptInsecureCerts: false, browserName: chrome, browserVersion: 133.0.6943.127, chrome: {chromedriverVersion: 133.0.6943.126 (cffa127ce7b..., userDataDir: C:\Users\shaik\AppData\Loca...}, fedcm:accounts: true, goog:chromeOptions: {debuggerAddress: localhost:62446}, networkConnectionEnabled: false, pageLoadStrategy: normal, platformName: windows, proxy: Proxy(), se:cdp: ws://localhost:62446/devtoo..., se:cdpVersion: 133.0.6943.127, setWindowRect: true, strictFileInteractability: false, timeouts: {implicit: 0, pageLoad: 300000, script: 30000}, unhandledPromptBehavior: dismiss and notify, webauthn:extension:credBlob: true, webauthn:extension:largeBlob: true, webauthn:extension:minPinLength: true, webauthn:extension:prf: true, webauthn:virtualAuthenticators: true}
Session ID: 602834ef8f529b128c37ead3712287d6
	at java.base/jdk.internal.reflect.DirectConstructorHandleAccessor.newInstance(DirectConstructorHandleAccessor.java:62)
	at java.base/java.lang.reflect.Constructor.newInstanceWithCaller(Constructor.java:502)
	at java.base/java.lang.reflect.Constructor.newInstance(Constructor.java:486)
	at org.openqa.selenium.remote.ErrorCodec.decode(ErrorCodec.java:167)
	at org.openqa.selenium.remote.codec.w3c.W3CHttpResponseCodec.decode(W3CHttpResponseCodec.java:138)
	at org.openqa.selenium.remote.codec.w3c.W3CHttpResponseCodec.decode(W3CHttpResponseCodec.java:50)
	at org.openqa.selenium.remote.HttpCommandExecutor.execute(HttpCommandExecutor.java:190)
	at org.openqa.selenium.remote.service.DriverCommandExecutor.invokeExecute(DriverCommandExecutor.java:216)
	at org.openqa.selenium.remote.service.DriverCommandExecutor.execute(DriverCommandExecutor.java:174)
	at org.openqa.selenium.remote.RemoteWebDriver.execute(RemoteWebDriver.java:545)
	at org.openqa.selenium.remote.ElementLocation$ElementFinder$2.findElement(ElementLocation.java:165)
	at org.openqa.selenium.remote.ElementLocation.findElement(ElementLocation.java:59)
	at org.openqa.selenium.remote.RemoteWebDriver.findElement(RemoteWebDriver.java:368)
	at org.openqa.selenium.remote.RemoteWebDriver.findElement(RemoteWebDriver.java:362)
	at org.openqa.selenium.support.pagefactory.DefaultElementLocator.findElement(DefaultElementLocator.java:68)
	at org.openqa.selenium.support.pagefactory.internal.LocatingElementHandler.invoke(LocatingElementHandler.java:38)
	at jdk.proxy2/jdk.proxy2.$Proxy48.isDisplayed(Unknown Source)
	at PageObject.HomePage.checkSuccess(HomePage.java:67)
	at StepDefinition.loginStepDef.checking_success_message(loginStepDef.java:128)
	at ✽.checking success message(file:///C:/Users/shaik/eclipse-workspace/cucumberFramwork/Features/addAdmin.feature:12)
]]></failure>
    <system-out><![CDATA[
Scenario: add New Admin                                                                    # Features/addAdmin.feature:3
  Given User Launch Chrome browser                                                         # StepDefinition.loginStepDef.user_launch_chrome_browser()
  When user opens url "https://opensource-demo.orangehrmlive.com/web/index.php/auth/login" # StepDefinition.loginStepDef.user_opens_url(java.lang.String)
  And user enters username as "Admin" and password as "admin123"                           # StepDefinition.loginStepDef.user_enters_username_as_and_password_as(java.lang.String,java.lang.String)
  And click on Login                                                                       # StepDefinition.loginStepDef.click_on_login()
  Then click on Admin Section in Dashboard                                                 # StepDefinition.loginStepDef.click_on_admin_section_in_dashboard()
  Then Click on Add Button                                                                 # StepDefinition.loginStepDef.click_on_add_button()
  And add user details in from                                                             # StepDefinition.loginStepDef.add_user_details_in_from()
  Then Click on save                                                                       # StepDefinition.loginStepDef.clicks_on_save()
  And checking success message                                                             # StepDefinition.loginStepDef.checking_success_message()
      org.openqa.selenium.InvalidSelectorException: invalid selector: Unable to locate an element with the xpath expression //p[contains(text(),'Success'] because of the following error:
      SyntaxError: Failed to execute 'evaluate' on 'Document': The string '//p[contains(text(),'Success']' is not a valid XPath expression.
        (Session info: chrome=133.0.6943.127)
      For documentation on this error, please visit: https://www.selenium.dev/documentation/webdriver/troubleshooting/errors#invalid-selector-exception
      Build info: version: '4.24.0', revision: '748ffc9bc3'
      System info: os.name: 'Windows 11', os.arch: 'amd64', os.version: '10.0', java.version: '21.0.5'
      Driver info: org.openqa.selenium.chrome.ChromeDriver
      Command: [602834ef8f529b128c37ead3712287d6, findElement {using=xpath, value=//p[contains(text(),'Success']}]
      Capabilities {acceptInsecureCerts: false, browserName: chrome, browserVersion: 133.0.6943.127, chrome: {chromedriverVersion: 133.0.6943.126 (cffa127ce7b..., userDataDir: C:\Users\shaik\AppData\Loca...}, fedcm:accounts: true, goog:chromeOptions: {debuggerAddress: localhost:62446}, networkConnectionEnabled: false, pageLoadStrategy: normal, platformName: windows, proxy: Proxy(), se:cdp: ws://localhost:62446/devtoo..., se:cdpVersion: 133.0.6943.127, setWindowRect: true, strictFileInteractability: false, timeouts: {implicit: 0, pageLoad: 300000, script: 30000}, unhandledPromptBehavior: dismiss and notify, webauthn:extension:credBlob: true, webauthn:extension:largeBlob: true, webauthn:extension:minPinLength: true, webauthn:extension:prf: true, webauthn:virtualAuthenticators: true}
      Session ID: 602834ef8f529b128c37ead3712287d6
      	at java.base/jdk.internal.reflect.DirectConstructorHandleAccessor.newInstance(DirectConstructorHandleAccessor.java:62)
      	at java.base/java.lang.reflect.Constructor.newInstanceWithCaller(Constructor.java:502)
      	at java.base/java.lang.reflect.Constructor.newInstance(Constructor.java:486)
      	at org.openqa.selenium.remote.ErrorCodec.decode(ErrorCodec.java:167)
      	at org.openqa.selenium.remote.codec.w3c.W3CHttpResponseCodec.decode(W3CHttpResponseCodec.java:138)
      	at org.openqa.selenium.remote.codec.w3c.W3CHttpResponseCodec.decode(W3CHttpResponseCodec.java:50)
      	at org.openqa.selenium.remote.HttpCommandExecutor.execute(HttpCommandExecutor.java:190)
      	at org.openqa.selenium.remote.service.DriverCommandExecutor.invokeExecute(DriverCommandExecutor.java:216)
      	at org.openqa.selenium.remote.service.DriverCommandExecutor.execute(DriverCommandExecutor.java:174)
      	at org.openqa.selenium.remote.RemoteWebDriver.execute(RemoteWebDriver.java:545)
      	at org.openqa.selenium.remote.ElementLocation$ElementFinder$2.findElement(ElementLocation.java:165)
      	at org.openqa.selenium.remote.ElementLocation.findElement(ElementLocation.java:59)
      	at org.openqa.selenium.remote.RemoteWebDriver.findElement(RemoteWebDriver.java:368)
      	at org.openqa.selenium.remote.RemoteWebDriver.findElement(RemoteWebDriver.java:362)
      	at org.openqa.selenium.support.pagefactory.DefaultElementLocator.findElement(DefaultElementLocator.java:68)
      	at org.openqa.selenium.support.pagefactory.internal.LocatingElementHandler.invoke(LocatingElementHandler.java:38)
      	at jdk.proxy2/jdk.proxy2.$Proxy48.isDisplayed(Unknown Source)
      	at PageObject.HomePage.checkSuccess(HomePage.java:67)
      	at StepDefinition.loginStepDef.checking_success_message(loginStepDef.java:128)
      	at ✽.checking success message(file:///C:/Users/shaik/eclipse-workspace/cucumberFramwork/Features/addAdmin.feature:12)
  Then close browser                                                                       # StepDefinition.loginStepDef.close_browser()
]]></system-out>
    <system-err><![CDATA[Feb 21, 2025 5:38:04 PM org.openqa.selenium.devtools.CdpVersionFinder findNearestMatch
WARNING: Unable to find an exact match for CDP version 133, returning the closest version; found: 132; Please update to a Selenium version that supports CDP version 133
]]></system-err>
  </testcase>
</testsuite>